<?xml version="1.0" encoding="UTF-8"?>
<!-- Generated by org.testng.reporters.JUnitReportReporter -->
<testsuite skipped="0" hostname="DESKTOP-201CKUJ" name="test.SelectClass" tests="1" failures="0" timestamp="2020-05-11T15:35:53 EDT" time="2.281" errors="0">
  <testcase name="selectTest" time="2.281" classname="test.SelectClass"/>
  <system-out/>
</testsuite> <!-- test.SelectClass -->
