<?xml version="1.0" encoding="UTF-8"?>
<!-- Generated by org.testng.reporters.JUnitReportReporter -->
<testsuite skipped="0" hostname="DESKTOP-201CKUJ" name="test.LoginPageTest" tests="2" failures="0" timestamp="2020-05-11T14:27:17 EDT" time="11.233" errors="0">
  <testcase name="InvalidUserShouldNotBeAbleToLogIn" time="5.075" classname="test.LoginPageTest"/>
  <system-out/>
  <testcase name="validUserShouldBeAbleToLogIn" time="6.158" classname="test.LoginPageTest"/>
  <system-out/>
</testsuite> <!-- test.LoginPageTest -->
